Using pre-set license
Built from '2020.2/release' branch; Version is '2020.2.2f1 (068178b99f32) revision 426360'; Using compiler version '192528614'; Build Type 'Release'
OS: 'Windows 10 Enterprise; OS build 19042.985; Version 2009; 64bit' Language: 'en' Physical Memory: 12169 MB
BatchMode: 1, IsHumanControllingUs: 0, StartBugReporterOnCrash: 0, Is64bit: 1, IsPro: 0

 COMMAND LINE ARGUMENTS:
D:\Program Files\Unity\2020.2.2f1\Editor\Unity.exe
-adb2
-batchMode
-noUpm
-name
AssetImportWorker7
-projectPath
D:/Code/Wayangku
-logFile
Logs/AssetImportWorker7.log
-srvPort
58849
Successfully changed project path to: D:/Code/Wayangku
D:/Code/Wayangku
Using Asset Import Pipeline V2.
Refreshing native plugins compatible for Editor in 56.83 ms, found 2 plugins.
Preloading 1 native plugins for Editor in 1.42 ms.
Initialize engine version: 2020.2.2f1 (068178b99f32)
[Subsystems] Discovering subsystems at path D:/Program Files/Unity/2020.2.2f1/Editor/Data/Resources/UnitySubsystems
[Subsystems] Discovering subsystems at path D:/Code/Wayangku/Assets
GfxDevice: creating device client; threaded=0
Direct3D:
    Version:  Direct3D 11.0 [level 11.0]
    Renderer: NVIDIA GeForce 930MX (ID=0x134e)
    Vendor:   
    VRAM:     2010 MB
    Driver:   27.21.14.6627
Initialize mono
Mono path[0] = 'D:/Program Files/Unity/2020.2.2f1/Editor/Data/Managed'
Mono path[1] = 'D:/Program Files/Unity/2020.2.2f1/Editor/Data/MonoBleedingEdge/lib/mono/unityjit'
Mono config path = 'D:/Program Files/Unity/2020.2.2f1/Editor/Data/MonoBleedingEdge/etc'
Using monoOptions --debugger-agent=transport=dt_socket,embedding=1,server=y,suspend=n,address=127.0.0.1:56588
Begin MonoManager ReloadAssembly
Registering precompiled unity dll's ...
Register platform support module: D:/Program Files/Unity/2020.2.2f1/Editor/Data/PlaybackEngines/MacStandaloneSupport/UnityEditor.OSXStandalone.Extensions.dll
Register platform support module: D:/Program Files/Unity/2020.2.2f1/Editor/Data/PlaybackEngines/WindowsStandaloneSupport/UnityEditor.WindowsStandalone.Extensions.dll
Register platform support module: D:/Program Files/Unity/2020.2.2f1/Editor/Data/PlaybackEngines/LinuxStandaloneSupport/UnityEditor.LinuxStandalone.Extensions.dll
Register platform support module: D:/Program Files/Unity/2020.2.2f1/Editor/Data/PlaybackEngines/LuminSupport/UnityEditor.Lumin.Extensions.dll
Registered in 0.002613 seconds.
Native extension for Lumin target not found
Native extension for LinuxStandalone target not found
Native extension for WindowsStandalone target not found
Native extension for OSXStandalone target not found
Refreshing native plugins compatible for Editor in 64.10 ms, found 2 plugins.
Preloading 1 native plugins for Editor in 0.08 ms.
Invoked RoslynAnalysisRunner static constructor.
RoslynAnalysisRunner will not be running.
RoslynAnalysisRunner has terminated.
Mono: successfully reloaded assembly
- Completed reload, in  2.380 seconds
Platform modules already initialized, skipping
Registering precompiled user dll's ...
Registered in 0.004221 seconds.
Begin MonoManager ReloadAssembly
Native extension for Lumin target not found
Native extension for LinuxStandalone target not found
Native extension for WindowsStandalone target not found
Native extension for OSXStandalone target not found
Refreshing native plugins compatible for Editor in 1.14 ms, found 2 plugins.
Preloading 1 native plugins for Editor in 0.14 ms.
System.NullReferenceException: Object reference not set to an instance of an object
  at Vuforia.EditorClasses.ExtensionTypeProvider.GetVuforiaPackageAbsPath () [0x0004a] in <e8898bf8211642beabed991267b0c31f>:0 
  at Vuforia.EditorClasses.ExtensionTypeProvider.IsPackageManager () [0x00000] in <e8898bf8211642beabed991267b0c31f>:0 
  at Vuforia.EditorClasses.ExtensionTypeProvider.ResolvePluginType () [0x00009] in <e8898bf8211642beabed991267b0c31f>:0 
  at Vuforia.EditorClasses.ExtensionTypeProvider.GetPluginType () [0x0000c] in <e8898bf8211642beabed991267b0c31f>:0 
  at Vuforia.EditorClasses.VuforiaUtilities.IsVuforiaEnabledInPlayerSettings () [0x00000] in <e8898bf8211642beabed991267b0c31f>:0 
  at VuforiaEnabledObserver..cctor () [0x00000] in <e8898bf8211642beabed991267b0c31f>:0 
UnityEngine.StackTraceUtility:ExtractStackTrace ()
UnityEngine.DebugLogHandler:LogFormat (UnityEngine.LogType,UnityEngine.Object,string,object[])
UnityEngine.Logger:Log (UnityEngine.LogType,object)
UnityEngine.Debug:LogError (object)
UnityEditor.EditorAssemblies:ProcessInitializeOnLoadAttributes (System.Type[])

System.NullReferenceException: Object reference not set to an instance of an object
  at Vuforia.EditorClasses.ExtensionTypeProvider.GetVuforiaPackageAbsPath () [0x0004a] in <e8898bf8211642beabed991267b0c31f>:0 
  at Vuforia.EditorClasses.ExtensionTypeProvider.IsPackageManager () [0x00000] in <e8898bf8211642beabed991267b0c31f>:0 
  at Vuforia.EditorClasses.ExtensionTypeProvider.ResolvePluginType () [0x00009] in <e8898bf8211642beabed991267b0c31f>:0 
  at Vuforia.EditorClasses.ExtensionTypeProvider.GetPluginType () [0x0000c] in <e8898bf8211642beabed991267b0c31f>:0 
  at Vuforia.EditorClasses.VuforiaUtilities.IsVuforiaEnabledInPlayerSettings () [0x00000] in <e8898bf8211642beabed991267b0c31f>:0 
  at Vuforia.EditorClasses.InitializeOnLoadVuforiaTaskRunner..cctor () [0x00015] in <e8898bf8211642beabed991267b0c31f>:0 
UnityEngine.StackTraceUtility:ExtractStackTrace ()
UnityEngine.DebugLogHandler:LogFormat (UnityEngine.LogType,UnityEngine.Object,string,object[])
UnityEngine.Logger:Log (UnityEngine.LogType,object)
UnityEngine.Debug:LogError (object)
UnityEditor.EditorAssemblies:ProcessInitializeOnLoadAttributes (System.Type[])

Invoked RoslynAnalysisRunner static constructor.
RoslynAnalysisRunner will not be running.
RoslynAnalysisRunner has terminated.
Mono: successfully reloaded assembly
- Completed reload, in  7.658 seconds
Platform modules already initialized, skipping
========================================================================
Worker process is ready to serve import requests
Launched and connected shader compiler UnityShaderCompiler.exe after 1.67 seconds
Refreshing native plugins compatible for Editor in 4.45 ms, found 2 plugins.
Preloading 1 native plugins for Editor in 0.15 ms.
Unloading 1192 Unused Serialized files (Serialized files now loaded: 0)
System memory in use before: 63.4 MB.
System memory in use after: 63.5 MB.

Unloading 37 unused Assets to reduce memory usage. Loaded Objects now: 1862.
Total: 20.710300 ms (FindLiveObjects: 0.355200 ms CreateObjectMapping: 0.118000 ms MarkObjects: 20.093100 ms  DeleteObjects: 0.140900 ms)

========================================================================
Received Import Request.
  path: Assets/Scripts/ScriptableObjects/WayangEvents.cs
  artifactKey: Guid(179eea8ed51740b489bdbd37df429d77) Importer(815301076,1909f56bfc062723c751e8b465ee728b)
Start importing Assets/Scripts/ScriptableObjects/WayangEvents.cs using Guid(179eea8ed51740b489bdbd37df429d77) Importer(815301076,1909f56bfc062723c751e8b465ee728b)  -> (artifact id: '708a90a1a2f4174136e851686e0df897') in 6.664083 seconds
  Import took 8.279009 seconds .

========================================================================
Received Import Request.
  Time since last request: 0.000423 seconds.
  path: Assets/Scripts/ScriptableObjects/Wayang.cs
  artifactKey: Guid(2635783f0c2abbf4ea99f3d6e7c16df8) Importer(815301076,1909f56bfc062723c751e8b465ee728b)
Start importing Assets/Scripts/ScriptableObjects/Wayang.cs using Guid(2635783f0c2abbf4ea99f3d6e7c16df8) Importer(815301076,1909f56bfc062723c751e8b465ee728b)  -> (artifact id: '81ba77416eb27bf307a2aca3b07fb178') in 0.860222 seconds
  Import took 1.485328 seconds .

AssetImportWorkerClient::OnTransportError - code=2 error=End of file
