Using pre-set license
Built from '2020.2/release' branch; Version is '2020.2.2f1 (068178b99f32) revision 426360'; Using compiler version '192528614'; Build Type 'Release'
OS: 'Windows 10 Enterprise; OS build 19042.928; Version 2009; 64bit' Language: 'en' Physical Memory: 12169 MB
BatchMode: 1, IsHumanControllingUs: 0, StartBugReporterOnCrash: 0, Is64bit: 1, IsPro: 0

 COMMAND LINE ARGUMENTS:
D:\Program Files\Unity\2020.2.2f1\Editor\Unity.exe
-adb2
-batchMode
-noUpm
-name
AssetImportWorker0
-projectPath
D:/Code/Wayangku
-logFile
Logs/AssetImportWorker0.log
-srvPort
64404
Successfully changed project path to: D:/Code/Wayangku
D:/Code/Wayangku
Using Asset Import Pipeline V2.
Refreshing native plugins compatible for Editor in 65.06 ms, found 2 plugins.
Preloading 1 native plugins for Editor in 1.05 ms.
Initialize engine version: 2020.2.2f1 (068178b99f32)
[Subsystems] Discovering subsystems at path D:/Program Files/Unity/2020.2.2f1/Editor/Data/Resources/UnitySubsystems
[Subsystems] Discovering subsystems at path D:/Code/Wayangku/Assets
GfxDevice: creating device client; threaded=0
Direct3D:
    Version:  Direct3D 11.0 [level 11.0]
    Renderer: NVIDIA GeForce 930MX (ID=0x134e)
    Vendor:   
    VRAM:     2010 MB
    Driver:   27.21.14.6611
Initialize mono
Mono path[0] = 'D:/Program Files/Unity/2020.2.2f1/Editor/Data/Managed'
Mono path[1] = 'D:/Program Files/Unity/2020.2.2f1/Editor/Data/MonoBleedingEdge/lib/mono/unityjit'
Mono config path = 'D:/Program Files/Unity/2020.2.2f1/Editor/Data/MonoBleedingEdge/etc'
Using monoOptions --debugger-agent=transport=dt_socket,embedding=1,server=y,suspend=n,address=127.0.0.1:56108
Begin MonoManager ReloadAssembly
Registering precompiled unity dll's ...
Register platform support module: D:/Program Files/Unity/2020.2.2f1/Editor/Data/PlaybackEngines/MacStandaloneSupport/UnityEditor.OSXStandalone.Extensions.dll
Register platform support module: D:/Program Files/Unity/2020.2.2f1/Editor/Data/PlaybackEngines/WindowsStandaloneSupport/UnityEditor.WindowsStandalone.Extensions.dll
Register platform support module: D:/Program Files/Unity/2020.2.2f1/Editor/Data/PlaybackEngines/LinuxStandaloneSupport/UnityEditor.LinuxStandalone.Extensions.dll
Register platform support module: D:/Program Files/Unity/2020.2.2f1/Editor/Data/PlaybackEngines/LuminSupport/UnityEditor.Lumin.Extensions.dll
Registered in 0.002644 seconds.
Native extension for Lumin target not found
Native extension for LinuxStandalone target not found
Native extension for WindowsStandalone target not found
Native extension for OSXStandalone target not found
Refreshing native plugins compatible for Editor in 49.42 ms, found 2 plugins.
Preloading 1 native plugins for Editor in 0.07 ms.
Invoked RoslynAnalysisRunner static constructor.
RoslynAnalysisRunner will not be running.
RoslynAnalysisRunner has terminated.
Mono: successfully reloaded assembly
- Completed reload, in  2.244 seconds
Platform modules already initialized, skipping
Registering precompiled user dll's ...
Registered in 0.019534 seconds.
Begin MonoManager ReloadAssembly
Native extension for Lumin target not found
Native extension for LinuxStandalone target not found
Native extension for WindowsStandalone target not found
Native extension for OSXStandalone target not found
Refreshing native plugins compatible for Editor in 0.70 ms, found 2 plugins.
Preloading 1 native plugins for Editor in 0.10 ms.
System.NullReferenceException: Object reference not set to an instance of an object
  at Vuforia.EditorClasses.ExtensionTypeProvider.GetVuforiaPackageAbsPath () [0x0004a] in <e8898bf8211642beabed991267b0c31f>:0 
  at Vuforia.EditorClasses.ExtensionTypeProvider.IsPackageManager () [0x00000] in <e8898bf8211642beabed991267b0c31f>:0 
  at Vuforia.EditorClasses.ExtensionTypeProvider.ResolvePluginType () [0x00009] in <e8898bf8211642beabed991267b0c31f>:0 
  at Vuforia.EditorClasses.ExtensionTypeProvider.GetPluginType () [0x0000c] in <e8898bf8211642beabed991267b0c31f>:0 
  at Vuforia.EditorClasses.VuforiaUtilities.IsVuforiaEnabledInPlayerSettings () [0x00000] in <e8898bf8211642beabed991267b0c31f>:0 
  at VuforiaEnabledObserver..cctor () [0x00000] in <e8898bf8211642beabed991267b0c31f>:0 
UnityEngine.StackTraceUtility:ExtractStackTrace ()
UnityEngine.DebugLogHandler:LogFormat (UnityEngine.LogType,UnityEngine.Object,string,object[])
UnityEngine.Logger:Log (UnityEngine.LogType,object)
UnityEngine.Debug:LogError (object)
UnityEditor.EditorAssemblies:ProcessInitializeOnLoadAttributes (System.Type[])

System.NullReferenceException: Object reference not set to an instance of an object
  at Vuforia.EditorClasses.ExtensionTypeProvider.GetVuforiaPackageAbsPath () [0x0004a] in <e8898bf8211642beabed991267b0c31f>:0 
  at Vuforia.EditorClasses.ExtensionTypeProvider.IsPackageManager () [0x00000] in <e8898bf8211642beabed991267b0c31f>:0 
  at Vuforia.EditorClasses.ExtensionTypeProvider.ResolvePluginType () [0x00009] in <e8898bf8211642beabed991267b0c31f>:0 
  at Vuforia.EditorClasses.ExtensionTypeProvider.GetPluginType () [0x0000c] in <e8898bf8211642beabed991267b0c31f>:0 
  at Vuforia.EditorClasses.VuforiaUtilities.IsVuforiaEnabledInPlayerSettings () [0x00000] in <e8898bf8211642beabed991267b0c31f>:0 
  at Vuforia.EditorClasses.InitializeOnLoadVuforiaTaskRunner..cctor () [0x00015] in <e8898bf8211642beabed991267b0c31f>:0 
UnityEngine.StackTraceUtility:ExtractStackTrace ()
UnityEngine.DebugLogHandler:LogFormat (UnityEngine.LogType,UnityEngine.Object,string,object[])
UnityEngine.Logger:Log (UnityEngine.LogType,object)
UnityEngine.Debug:LogError (object)
UnityEditor.EditorAssemblies:ProcessInitializeOnLoadAttributes (System.Type[])

Invoked RoslynAnalysisRunner static constructor.
RoslynAnalysisRunner will not be running.
RoslynAnalysisRunner has terminated.
Mono: successfully reloaded assembly
- Completed reload, in  1.708 seconds
Platform modules already initialized, skipping
========================================================================
Worker process is ready to serve import requests
Launched and connected shader compiler UnityShaderCompiler.exe after 0.06 seconds
Refreshing native plugins compatible for Editor in 0.66 ms, found 2 plugins.
Preloading 1 native plugins for Editor in 0.09 ms.
Unloading 1192 Unused Serialized files (Serialized files now loaded: 0)
System memory in use before: 63.5 MB.
System memory in use after: 63.5 MB.

Unloading 37 unused Assets to reduce memory usage. Loaded Objects now: 1862.
Total: 2.700400 ms (FindLiveObjects: 0.341900 ms CreateObjectMapping: 0.252900 ms MarkObjects: 2.012000 ms  DeleteObjects: 0.090700 ms)

========================================================================
Received Import Request.
  path: Assets/Scenes/Materi.unity
  artifactKey: Guid(696409947efd5ff46b28fa08bed22adf) Importer(815301076,1909f56bfc062723c751e8b465ee728b)
Start importing Assets/Scenes/Materi.unity using Guid(696409947efd5ff46b28fa08bed22adf) Importer(815301076,1909f56bfc062723c751e8b465ee728b)  -> (artifact id: '206c8a4b3e5d6863f2a3774781149def') in 0.200167 seconds
  Import took 0.206556 seconds .

========================================================================
Received Import Request.
  Time since last request: 226.743323 seconds.
  path: Assets/Scenes/MainMenu.unity
  artifactKey: Guid(3f1b69d4caee210478a92f1da150a6a2) Importer(815301076,1909f56bfc062723c751e8b465ee728b)
Start importing Assets/Scenes/MainMenu.unity using Guid(3f1b69d4caee210478a92f1da150a6a2) Importer(815301076,1909f56bfc062723c751e8b465ee728b)  -> (artifact id: '06d489ab5578948ed10fbd5ad0569cdc') in 0.004398 seconds
  Import took 0.011049 seconds .

========================================================================
Received Prepare
Refreshing native plugins compatible for Editor in 16.27 ms, found 2 plugins.
Preloading 1 native plugins for Editor in 0.10 ms.
Unloading 31 Unused Serialized files (Serialized files now loaded: 0)
System memory in use before: 39.5 MB.
System memory in use after: 39.6 MB.

Unloading 30 unused Assets to reduce memory usage. Loaded Objects now: 1862.
Total: 4.481900 ms (FindLiveObjects: 0.600800 ms CreateObjectMapping: 0.118800 ms MarkObjects: 3.723900 ms  DeleteObjects: 0.035600 ms)

========================================================================
Received Import Request.
  Time since last request: 363.157981 seconds.
  path: Assets/Scenes/Materi.unity
  artifactKey: Guid(696409947efd5ff46b28fa08bed22adf) Importer(815301076,1909f56bfc062723c751e8b465ee728b)
Start importing Assets/Scenes/Materi.unity using Guid(696409947efd5ff46b28fa08bed22adf) Importer(815301076,1909f56bfc062723c751e8b465ee728b)  -> (artifact id: '58dc0fd84a22f42de131dc2255e3438b') in 0.013356 seconds
  Import took 0.081456 seconds .

========================================================================
Received Prepare
Refreshing native plugins compatible for Editor in 13.74 ms, found 2 plugins.
Preloading 1 native plugins for Editor in 0.10 ms.
Unloading 31 Unused Serialized files (Serialized files now loaded: 0)
System memory in use before: 39.9 MB.
System memory in use after: 40.0 MB.

Unloading 30 unused Assets to reduce memory usage. Loaded Objects now: 1862.
Total: 4.938100 ms (FindLiveObjects: 0.315100 ms CreateObjectMapping: 0.448000 ms MarkObjects: 4.132100 ms  DeleteObjects: 0.040000 ms)

